SF:C:\Users\jeast\source\Github\standard-repo\standard-repo\src\CleanArchitecture.Core\Exceptions\LoanOverpaymentException.cs
FN:21,System.Void CleanArchitecture.Entities.Exceptions.LoanOverpaymentException::.ctor(System.String)
FNDA:0,System.Void CleanArchitecture.Entities.Exceptions.LoanOverpaymentException::.ctor(System.String)
DA:22,0
DA:23,0
DA:24,0
FN:31,System.Void CleanArchitecture.Entities.Exceptions.LoanOverpaymentException::.ctor(System.String,System.Exception)
FNDA:0,System.Void CleanArchitecture.Entities.Exceptions.LoanOverpaymentException::.ctor(System.String,System.Exception)
DA:32,0
DA:33,0
DA:34,0
FN:38,System.Void CleanArchitecture.Entities.Exceptions.LoanOverpaymentException::.ctor()
FNDA:0,System.Void CleanArchitecture.Entities.Exceptions.LoanOverpaymentException::.ctor()
DA:39,0
DA:40,0
DA:41,0
LF:9
LH:0
BRF:0
BRH:0
FNF:3
FNH:0
end_of_record
SF:C:\Users\jeast\source\Github\standard-repo\standard-repo\src\CleanArchitecture.Core\BaseResponse.cs
FN:31,System.Boolean CleanArchitecture.Core.BaseResponse::get_HasError()
FNDA:0,System.Boolean CleanArchitecture.Core.BaseResponse::get_HasError()
DA:32,0
DA:33,0
DA:34,0
DA:35,0
DA:38,0
DA:39,0
DA:41,0
BRDA:33,17,0,0
BRDA:33,17,1,0
FN:46,System.Collections.Generic.IReadOnlyCollection`1<System.String> CleanArchitecture.Core.BaseResponse::get_Errors()
FNDA:0,System.Collections.Generic.IReadOnlyCollection`1<System.String> CleanArchitecture.Core.BaseResponse::get_Errors()
DA:47,0
FN:49,System.Void CleanArchitecture.Core.BaseResponse::AddError(System.String)
FNDA:0,System.Void CleanArchitecture.Core.BaseResponse::AddError(System.String)
DA:50,0
DA:51,0
DA:52,0
DA:53,0
DA:54,0
DA:56,0
DA:57,0
BRDA:51,12,0,0
BRDA:51,12,1,0
FN:20,System.Void CleanArchitecture.Core.BaseResponse::.ctor()
FNDA:0,System.Void CleanArchitecture.Core.BaseResponse::.ctor()
DA:21,0
DA:22,0
DA:23,0
DA:24,0
LF:19
LH:0
BRF:4
BRH:0
FNF:4
FNH:0
end_of_record
SF:C:\Users\jeast\source\Github\standard-repo\standard-repo\src\CleanArchitecture.Core\Requests\GatherContactInfo\GatherContactInfoInteractor.cs
FN:37,CleanArchitecture.Core.Requests.GatherContactInfoResponse CleanArchitecture.Core.Requests.GatherContactInfoInteractor::Handle(CleanArchitecture.Core.Requests.GatherContactInfoRequest)
FNDA:0,CleanArchitecture.Core.Requests.GatherContactInfoResponse CleanArchitecture.Core.Requests.GatherContactInfoInteractor::Handle(CleanArchitecture.Core.Requests.GatherContactInfoRequest)
DA:38,0
DA:39,0
DA:40,0
DA:41,0
DA:44,0
DA:45,0
DA:46,0
DA:47,0
DA:48,0
DA:50,0
DA:51,0
DA:52,0
DA:53,0
DA:55,0
DA:56,0
DA:57,0
DA:58,0
DA:60,0
DA:61,0
DA:62,0
DA:63,0
DA:65,0
DA:67,0
DA:68,0
DA:69,0
DA:70,0
DA:72,0
DA:73,0
DA:74,0
DA:76,0
DA:77,0
DA:78,0
DA:79,0
DA:81,0
DA:82,0
DA:83,0
DA:84,0
DA:86,0
DA:87,0
BRDA:39,7,0,0
BRDA:39,7,1,0
BRDA:50,64,0,0
BRDA:50,64,1,0
BRDA:55,95,0,0
BRDA:55,95,1,0
BRDA:60,126,0,0
BRDA:60,126,1,0
BRDA:67,186,0,0
BRDA:67,186,1,0
BRDA:72,215,0,0
BRDA:76,267,0,0
BRDA:76,267,1,0
BRDA:72,215,1,0
FN:25,System.Void CleanArchitecture.Core.Requests.GatherContactInfoInteractor::.ctor(CleanArchitecture.Core.Services.ICreditScoreService,CleanArchitecture.Core.Entities.ICustomerDatabase)
FNDA:0,System.Void CleanArchitecture.Core.Requests.GatherContactInfoInteractor::.ctor(CleanArchitecture.Core.Services.ICreditScoreService,CleanArchitecture.Core.Entities.ICustomerDatabase)
DA:26,0
DA:27,0
DA:28,0
DA:29,0
DA:30,0
LF:44
LH:0
BRF:14
BRH:0
FNF:2
FNH:0
end_of_record
SF:C:\Users\jeast\source\Github\standard-repo\standard-repo\src\CleanArchitecture.Core\Requests\GatherContactInfo\GatherContactInfoRequest.cs
FN:32,System.String CleanArchitecture.Core.Requests.GatherContactInfoRequest::get_Name()
FNDA:0,System.String CleanArchitecture.Core.Requests.GatherContactInfoRequest::get_Name()
DA:33,0
FN:37,System.String CleanArchitecture.Core.Requests.GatherContactInfoRequest::get_Address()
FNDA:0,System.String CleanArchitecture.Core.Requests.GatherContactInfoRequest::get_Address()
DA:38,0
FN:42,System.DateTime CleanArchitecture.Core.Requests.GatherContactInfoRequest::get_DateOfBirth()
FNDA:0,System.DateTime CleanArchitecture.Core.Requests.GatherContactInfoRequest::get_DateOfBirth()
DA:43,0
FN:47,System.String CleanArchitecture.Core.Requests.GatherContactInfoRequest::get_NationalInsuranceNumber()
FNDA:0,System.String CleanArchitecture.Core.Requests.GatherContactInfoRequest::get_NationalInsuranceNumber()
DA:48,0
FN:21,System.Void CleanArchitecture.Core.Requests.GatherContactInfoRequest::.ctor(System.String,System.String,System.DateTime,System.String)
FNDA:0,System.Void CleanArchitecture.Core.Requests.GatherContactInfoRequest::.ctor(System.String,System.String,System.DateTime,System.String)
DA:22,0
DA:23,0
DA:24,0
DA:25,0
DA:26,0
DA:27,0
DA:28,0
LF:11
LH:0
BRF:0
BRH:0
FNF:5
FNH:0
end_of_record
SF:C:\Users\jeast\source\Github\standard-repo\standard-repo\src\CleanArchitecture.Core\Requests\GatherContactInfo\GatherContactInfoResponse.cs
FN:27,System.String CleanArchitecture.Core.Requests.GatherContactInfoResponse::get_Name()
FNDA:0,System.String CleanArchitecture.Core.Requests.GatherContactInfoResponse::get_Name()
DA:28,0
FN:32,System.String CleanArchitecture.Core.Requests.GatherContactInfoResponse::get_Address()
FNDA:0,System.String CleanArchitecture.Core.Requests.GatherContactInfoResponse::get_Address()
DA:33,0
FN:37,System.DateTime CleanArchitecture.Core.Requests.GatherContactInfoResponse::get_DateOfBirth()
FNDA:0,System.DateTime CleanArchitecture.Core.Requests.GatherContactInfoResponse::get_DateOfBirth()
DA:38,0
FN:42,System.String CleanArchitecture.Core.Requests.GatherContactInfoResponse::get_NationalInsuranceNumber()
FNDA:0,System.String CleanArchitecture.Core.Requests.GatherContactInfoResponse::get_NationalInsuranceNumber()
DA:43,0
FN:47,System.Decimal CleanArchitecture.Core.Requests.GatherContactInfoResponse::get_CreditScore()
FNDA:0,System.Decimal CleanArchitecture.Core.Requests.GatherContactInfoResponse::get_CreditScore()
DA:48,0
FN:52,System.Boolean CleanArchitecture.Core.Requests.GatherContactInfoResponse::get_IsAcceptedForLoan()
FNDA:0,System.Boolean CleanArchitecture.Core.Requests.GatherContactInfoResponse::get_IsAcceptedForLoan()
DA:53,0
FN:16,System.Void CleanArchitecture.Core.Requests.GatherContactInfoResponse::.ctor(System.String,System.String,System.DateTime,System.String)
FNDA:0,System.Void CleanArchitecture.Core.Requests.GatherContactInfoResponse::.ctor(System.String,System.String,System.DateTime,System.String)
DA:17,0
DA:18,0
DA:19,0
DA:20,0
DA:21,0
DA:22,0
DA:23,0
LF:13
LH:0
BRF:0
BRH:0
FNF:7
FNH:0
end_of_record
SF:C:\Users\jeast\source\Github\standard-repo\standard-repo\src\CleanArchitecture.Core\Entities\BasicLoan.cs
FN:16,System.Void CleanArchitecture.Core.Entities.BasicLoan::.ctor(System.Decimal,System.Decimal,System.Decimal)
FNDA:0,System.Void CleanArchitecture.Core.Entities.BasicLoan::.ctor(System.Decimal,System.Decimal,System.Decimal)
DA:17,0
DA:18,0
DA:19,0
LF:3
LH:0
BRF:0
BRH:0
FNF:1
FNH:0
end_of_record
SF:C:\Users\jeast\source\Github\standard-repo\standard-repo\src\CleanArchitecture.Core\Entities\Customer.cs
FN:43,System.String CleanArchitecture.Core.Entities.Customer::get_CustomerId()
FNDA:0,System.String CleanArchitecture.Core.Entities.Customer::get_CustomerId()
DA:44,0
FN:48,System.String CleanArchitecture.Core.Entities.Customer::get_Name()
FNDA:0,System.String CleanArchitecture.Core.Entities.Customer::get_Name()
DA:49,0
FN:53,System.String CleanArchitecture.Core.Entities.Customer::get_Address()
FNDA:0,System.String CleanArchitecture.Core.Entities.Customer::get_Address()
DA:54,0
FN:58,System.DateTime CleanArchitecture.Core.Entities.Customer::get_DateOfBirth()
FNDA:0,System.DateTime CleanArchitecture.Core.Entities.Customer::get_DateOfBirth()
DA:59,0
FN:63,System.String CleanArchitecture.Core.Entities.Customer::get_NationalInsuranceNumber()
FNDA:0,System.String CleanArchitecture.Core.Entities.Customer::get_NationalInsuranceNumber()
DA:64,0
FN:68,System.Decimal CleanArchitecture.Core.Entities.Customer::get_CreditScore()
FNDA:0,System.Decimal CleanArchitecture.Core.Entities.Customer::get_CreditScore()
DA:69,0
FN:76,System.Int32 CleanArchitecture.Core.Entities.Customer::get_Age()
FNDA:0,System.Int32 CleanArchitecture.Core.Entities.Customer::get_Age()
DA:77,0
DA:78,0
DA:79,0
DA:80,0
DA:81,0
DA:83,0
DA:84,0
BRDA:78,15,0,0
BRDA:78,15,1,0
FN:87,System.Void CleanArchitecture.Core.Entities.Customer::UpdateCreditScore(System.Decimal)
FNDA:0,System.Void CleanArchitecture.Core.Entities.Customer::UpdateCreditScore(System.Decimal)
DA:88,0
DA:89,0
DA:90,0
DA:91,0
DA:92,0
DA:93,0
BRDA:89,15,0,0
BRDA:89,15,1,0
FN:27,System.Void CleanArchitecture.Core.Entities.Customer::.ctor(System.String,System.String,System.DateTime,System.String)
FNDA:0,System.Void CleanArchitecture.Core.Entities.Customer::.ctor(System.String,System.String,System.DateTime,System.String)
DA:28,0
DA:29,0
DA:30,0
DA:31,0
DA:32,0
DA:33,0
DA:34,0
DA:35,0
FN:36,System.Void CleanArchitecture.Core.Entities.Customer::.ctor()
FNDA:0,System.Void CleanArchitecture.Core.Entities.Customer::.ctor()
DA:37,0
DA:38,0
DA:39,0
LF:30
LH:0
BRF:4
BRH:0
FNF:10
FNH:0
end_of_record
SF:C:\Users\jeast\source\Github\standard-repo\standard-repo\src\CleanArchitecture.Core\Entities\Loan.cs
FN:36,System.Decimal CleanArchitecture.Core.Entities.Loan::get_LateFee()
FNDA:0,System.Decimal CleanArchitecture.Core.Entities.Loan::get_LateFee()
DA:37,0
DA:38,0
DA:39,0
FN:44,System.Decimal CleanArchitecture.Core.Entities.Loan::get_Principal()
FNDA:0,System.Decimal CleanArchitecture.Core.Entities.Loan::get_Principal()
DA:45,0
FN:49,System.Decimal CleanArchitecture.Core.Entities.Loan::get_Rate()
FNDA:0,System.Decimal CleanArchitecture.Core.Entities.Loan::get_Rate()
DA:50,0
FN:54,System.Decimal CleanArchitecture.Core.Entities.Loan::get_Period()
FNDA:0,System.Decimal CleanArchitecture.Core.Entities.Loan::get_Period()
DA:55,0
FN:59,System.Decimal CleanArchitecture.Core.Entities.Loan::get_Balance()
FNDA:0,System.Decimal CleanArchitecture.Core.Entities.Loan::get_Balance()
DA:60,0
FN:66,System.Void CleanArchitecture.Core.Entities.Loan::MakePayment(System.Decimal)
FNDA:0,System.Void CleanArchitecture.Core.Entities.Loan::MakePayment(System.Decimal)
DA:67,0
DA:68,0
DA:70,0
DA:71,0
DA:72,0
DA:75,0
DA:76,0
BRDA:70,27,0,0
BRDA:70,27,1,0
FN:82,System.Decimal CleanArchitecture.Core.Entities.Loan::ApplyInterest()
FNDA:0,System.Decimal CleanArchitecture.Core.Entities.Loan::ApplyInterest()
DA:83,0
DA:84,0
DA:86,0
DA:87,0
FN:93,System.Decimal CleanArchitecture.Core.Entities.Loan::ChargeLateFee()
FNDA:0,System.Decimal CleanArchitecture.Core.Entities.Loan::ChargeLateFee()
DA:94,0
DA:95,0
DA:97,0
DA:98,0
FN:22,System.Void CleanArchitecture.Core.Entities.Loan::.ctor(System.Decimal,System.Decimal,System.Decimal)
FNDA:0,System.Void CleanArchitecture.Core.Entities.Loan::.ctor(System.Decimal,System.Decimal,System.Decimal)
DA:23,0
DA:24,0
DA:25,0
DA:26,0
DA:27,0
DA:28,0
DA:29,0
LF:29
LH:0
BRF:2
BRH:0
FNF:9
FNH:0
end_of_record
SF:C:\Users\jeast\source\Github\standard-repo\standard-repo\src\CleanArchitecture.Core\Entities\LoanFactory.cs
FN:25,CleanArchitecture.Core.Entities.Loan CleanArchitecture.Core.Entities.LoanFactory::CreateLoan(System.String,System.Decimal,System.Decimal,System.Decimal)
FNDA:0,CleanArchitecture.Core.Entities.Loan CleanArchitecture.Core.Entities.LoanFactory::CreateLoan(System.String,System.Decimal,System.Decimal,System.Decimal)
DA:26,0
DA:27,0
DA:28,0
DA:29,0
DA:30,0
DA:31,0
DA:33,0
DA:34,0
BRDA:27,2,0,0
BRDA:27,15,1,0
BRDA:27,2,1,0
BRDA:27,15,0,0
LF:8
LH:0
BRF:4
BRH:0
FNF:1
FNH:0
end_of_record