<?xml version="1.0" encoding="utf-8"?>
<coverage line-rate="0.8373" branch-rate="0.8571" version="1.9" timestamp="1579532969" lines-covered="139" lines-valid="166" branches-covered="24" branches-valid="28">
  <sources>
    <source>C:\Users\jeast\source\Github\standard-repo\standard-repo\src\CleanArchitecture.Core\</source>
  </sources>
  <packages>
    <package name="CleanArchitecture.Core" line-rate="0.8373" branch-rate="0.8571" complexity="63">
      <classes>
        <class name="CleanArchitecture.Entities.Exceptions.LoanOverpaymentException" filename="Exceptions\LoanOverpaymentException.cs" line-rate="0.3333" branch-rate="1" complexity="3">
          <methods>
            <method name=".ctor" signature="(System.String)" line-rate="1" branch-rate="1">
              <lines>
                <line number="22" hits="1" branch="False" />
                <line number="23" hits="1" branch="False" />
                <line number="24" hits="1" branch="False" />
              </lines>
            </method>
            <method name=".ctor" signature="(System.String,System.Exception)" line-rate="0" branch-rate="1">
              <lines>
                <line number="32" hits="0" branch="False" />
                <line number="33" hits="0" branch="False" />
                <line number="34" hits="0" branch="False" />
              </lines>
            </method>
            <method name=".ctor" signature="()" line-rate="0" branch-rate="1">
              <lines>
                <line number="39" hits="0" branch="False" />
                <line number="40" hits="0" branch="False" />
                <line number="41" hits="0" branch="False" />
              </lines>
            </method>
          </methods>
          <lines>
            <line number="22" hits="1" branch="False" />
            <line number="23" hits="1" branch="False" />
            <line number="24" hits="1" branch="False" />
            <line number="32" hits="0" branch="False" />
            <line number="33" hits="0" branch="False" />
            <line number="34" hits="0" branch="False" />
            <line number="39" hits="0" branch="False" />
            <line number="40" hits="0" branch="False" />
            <line number="41" hits="0" branch="False" />
          </lines>
        </class>
        <class name="CleanArchitecture.Core.BaseResponse" filename="BaseResponse.cs" line-rate="0.8421" branch-rate="0.75" complexity="6">
          <methods>
            <method name="get_HasError" signature="()" line-rate="1" branch-rate="1">
              <lines>
                <line number="32" hits="6" branch="False" />
                <line number="33" hits="6" branch="True" condition-coverage="100% (2/2)">
                  <conditions>
                    <condition number="17" type="jump" coverage="100%" />
                  </conditions>
                </line>
                <line number="34" hits="4" branch="False" />
                <line number="35" hits="4" branch="False" />
                <line number="38" hits="2" branch="False" />
                <line number="39" hits="2" branch="False" />
                <line number="41" hits="6" branch="False" />
              </lines>
            </method>
            <method name="get_Errors" signature="()" line-rate="1" branch-rate="1">
              <lines>
                <line number="47" hits="6" branch="False" />
              </lines>
            </method>
            <method name="AddError" signature="(System.String)" line-rate="0.5714" branch-rate="0.5">
              <lines>
                <line number="50" hits="5" branch="False" />
                <line number="51" hits="5" branch="True" condition-coverage="50% (1/2)">
                  <conditions>
                    <condition number="12" type="jump" coverage="50%" />
                  </conditions>
                </line>
                <line number="52" hits="0" branch="False" />
                <line number="53" hits="0" branch="False" />
                <line number="54" hits="0" branch="False" />
                <line number="56" hits="5" branch="False" />
                <line number="57" hits="5" branch="False" />
              </lines>
            </method>
            <method name=".ctor" signature="()" line-rate="1" branch-rate="1">
              <lines>
                <line number="21" hits="6" branch="False" />
                <line number="22" hits="6" branch="False" />
                <line number="23" hits="6" branch="False" />
                <line number="24" hits="6" branch="False" />
              </lines>
            </method>
          </methods>
          <lines>
            <line number="32" hits="6" branch="False" />
            <line number="33" hits="6" branch="True" condition-coverage="100% (2/2)">
              <conditions>
                <condition number="17" type="jump" coverage="100%" />
              </conditions>
            </line>
            <line number="34" hits="4" branch="False" />
            <line number="35" hits="4" branch="False" />
            <line number="38" hits="2" branch="False" />
            <line number="39" hits="2" branch="False" />
            <line number="41" hits="6" branch="False" />
            <line number="47" hits="6" branch="False" />
            <line number="50" hits="5" branch="False" />
            <line number="51" hits="5" branch="True" condition-coverage="50% (1/2)">
              <conditions>
                <condition number="12" type="jump" coverage="50%" />
              </conditions>
            </line>
            <line number="52" hits="0" branch="False" />
            <line number="53" hits="0" branch="False" />
            <line number="54" hits="0" branch="False" />
            <line number="56" hits="5" branch="False" />
            <line number="57" hits="5" branch="False" />
            <line number="21" hits="6" branch="False" />
            <line number="22" hits="6" branch="False" />
            <line number="23" hits="6" branch="False" />
            <line number="24" hits="6" branch="False" />
          </lines>
        </class>
        <class name="CleanArchitecture.Core.Requests.GatherContactInfoInteractor" filename="Requests\GatherContactInfo\GatherContactInfoInteractor.cs" line-rate="0.9545" branch-rate="0.9285" complexity="15">
          <methods>
            <method name="Handle" signature="(CleanArchitecture.Core.Requests.GatherContactInfoRequest)" line-rate="0.9487000000000001" branch-rate="0.9285">
              <lines>
                <line number="38" hits="6" branch="False" />
                <line number="39" hits="6" branch="True" condition-coverage="50% (1/2)">
                  <conditions>
                    <condition number="7" type="jump" coverage="50%" />
                  </conditions>
                </line>
                <line number="40" hits="0" branch="False" />
                <line number="41" hits="0" branch="False" />
                <line number="44" hits="6" branch="False" />
                <line number="45" hits="6" branch="False" />
                <line number="46" hits="6" branch="False" />
                <line number="47" hits="6" branch="False" />
                <line number="48" hits="6" branch="False" />
                <line number="50" hits="6" branch="True" condition-coverage="100% (2/2)">
                  <conditions>
                    <condition number="64" type="jump" coverage="100%" />
                  </conditions>
                </line>
                <line number="51" hits="1" branch="False" />
                <line number="52" hits="1" branch="False" />
                <line number="53" hits="1" branch="False" />
                <line number="55" hits="6" branch="True" condition-coverage="100% (2/2)">
                  <conditions>
                    <condition number="95" type="jump" coverage="100%" />
                  </conditions>
                </line>
                <line number="56" hits="1" branch="False" />
                <line number="57" hits="1" branch="False" />
                <line number="58" hits="1" branch="False" />
                <line number="60" hits="6" branch="True" condition-coverage="100% (2/2)">
                  <conditions>
                    <condition number="126" type="jump" coverage="100%" />
                  </conditions>
                </line>
                <line number="61" hits="1" branch="False" />
                <line number="62" hits="1" branch="False" />
                <line number="63" hits="1" branch="False" />
                <line number="65" hits="6" branch="False" />
                <line number="67" hits="6" branch="True" condition-coverage="100% (2/2)">
                  <conditions>
                    <condition number="186" type="jump" coverage="100%" />
                  </conditions>
                </line>
                <line number="68" hits="1" branch="False" />
                <line number="69" hits="1" branch="False" />
                <line number="70" hits="1" branch="False" />
                <line number="72" hits="6" branch="True" condition-coverage="100% (2/2)">
                  <conditions>
                    <condition number="215" type="jump" coverage="100%" />
                  </conditions>
                </line>
                <line number="73" hits="2" branch="False" />
                <line number="74" hits="2" branch="False" />
                <line number="76" hits="2" branch="True" condition-coverage="100% (2/2)">
                  <conditions>
                    <condition number="267" type="jump" coverage="100%" />
                  </conditions>
                </line>
                <line number="77" hits="1" branch="False" />
                <line number="78" hits="1" branch="False" />
                <line number="79" hits="1" branch="False" />
                <line number="81" hits="1" branch="False" />
                <line number="82" hits="1" branch="False" />
                <line number="83" hits="1" branch="False" />
                <line number="84" hits="2" branch="False" />
                <line number="86" hits="6" branch="False" />
                <line number="87" hits="6" branch="False" />
              </lines>
            </method>
            <method name=".ctor" signature="(CleanArchitecture.Core.Services.ICreditScoreService,CleanArchitecture.Core.Entities.ICustomerDatabase)" line-rate="1" branch-rate="1">
              <lines>
                <line number="26" hits="6" branch="False" />
                <line number="27" hits="6" branch="False" />
                <line number="28" hits="6" branch="False" />
                <line number="29" hits="6" branch="False" />
                <line number="30" hits="6" branch="False" />
              </lines>
            </method>
          </methods>
          <lines>
            <line number="38" hits="6" branch="False" />
            <line number="39" hits="6" branch="True" condition-coverage="50% (1/2)">
              <conditions>
                <condition number="7" type="jump" coverage="50%" />
              </conditions>
            </line>
            <line number="40" hits="0" branch="False" />
            <line number="41" hits="0" branch="False" />
            <line number="44" hits="6" branch="False" />
            <line number="45" hits="6" branch="False" />
            <line number="46" hits="6" branch="False" />
            <line number="47" hits="6" branch="False" />
            <line number="48" hits="6" branch="False" />
            <line number="50" hits="6" branch="True" condition-coverage="100% (2/2)">
              <conditions>
                <condition number="64" type="jump" coverage="100%" />
              </conditions>
            </line>
            <line number="51" hits="1" branch="False" />
            <line number="52" hits="1" branch="False" />
            <line number="53" hits="1" branch="False" />
            <line number="55" hits="6" branch="True" condition-coverage="100% (2/2)">
              <conditions>
                <condition number="95" type="jump" coverage="100%" />
              </conditions>
            </line>
            <line number="56" hits="1" branch="False" />
            <line number="57" hits="1" branch="False" />
            <line number="58" hits="1" branch="False" />
            <line number="60" hits="6" branch="True" condition-coverage="100% (2/2)">
              <conditions>
                <condition number="126" type="jump" coverage="100%" />
              </conditions>
            </line>
            <line number="61" hits="1" branch="False" />
            <line number="62" hits="1" branch="False" />
            <line number="63" hits="1" branch="False" />
            <line number="65" hits="6" branch="False" />
            <line number="67" hits="6" branch="True" condition-coverage="100% (2/2)">
              <conditions>
                <condition number="186" type="jump" coverage="100%" />
              </conditions>
            </line>
            <line number="68" hits="1" branch="False" />
            <line number="69" hits="1" branch="False" />
            <line number="70" hits="1" branch="False" />
            <line number="72" hits="6" branch="True" condition-coverage="100% (2/2)">
              <conditions>
                <condition number="215" type="jump" coverage="100%" />
              </conditions>
            </line>
            <line number="73" hits="2" branch="False" />
            <line number="74" hits="2" branch="False" />
            <line number="76" hits="2" branch="True" condition-coverage="100% (2/2)">
              <conditions>
                <condition number="267" type="jump" coverage="100%" />
              </conditions>
            </line>
            <line number="77" hits="1" branch="False" />
            <line number="78" hits="1" branch="False" />
            <line number="79" hits="1" branch="False" />
            <line number="81" hits="1" branch="False" />
            <line number="82" hits="1" branch="False" />
            <line number="83" hits="1" branch="False" />
            <line number="84" hits="2" branch="False" />
            <line number="86" hits="6" branch="False" />
            <line number="87" hits="6" branch="False" />
            <line number="26" hits="6" branch="False" />
            <line number="27" hits="6" branch="False" />
            <line number="28" hits="6" branch="False" />
            <line number="29" hits="6" branch="False" />
            <line number="30" hits="6" branch="False" />
          </lines>
        </class>
        <class name="CleanArchitecture.Core.Requests.GatherContactInfoRequest" filename="Requests\GatherContactInfo\GatherContactInfoRequest.cs" line-rate="1" branch-rate="1" complexity="5">
          <methods>
            <method name="get_Name" signature="()" line-rate="1" branch-rate="1">
              <lines>
                <line number="33" hits="25" branch="False" />
              </lines>
            </method>
            <method name="get_Address" signature="()" line-rate="1" branch-rate="1">
              <lines>
                <line number="38" hits="25" branch="False" />
              </lines>
            </method>
            <method name="get_DateOfBirth" signature="()" line-rate="1" branch-rate="1">
              <lines>
                <line number="43" hits="19" branch="False" />
              </lines>
            </method>
            <method name="get_NationalInsuranceNumber" signature="()" line-rate="1" branch-rate="1">
              <lines>
                <line number="48" hits="27" branch="False" />
              </lines>
            </method>
            <method name=".ctor" signature="(System.String,System.String,System.DateTime,System.String)" line-rate="1" branch-rate="1">
              <lines>
                <line number="22" hits="7" branch="False" />
                <line number="23" hits="7" branch="False" />
                <line number="24" hits="7" branch="False" />
                <line number="25" hits="7" branch="False" />
                <line number="26" hits="7" branch="False" />
                <line number="27" hits="7" branch="False" />
                <line number="28" hits="7" branch="False" />
              </lines>
            </method>
          </methods>
          <lines>
            <line number="33" hits="25" branch="False" />
            <line number="38" hits="25" branch="False" />
            <line number="43" hits="19" branch="False" />
            <line number="48" hits="27" branch="False" />
            <line number="22" hits="7" branch="False" />
            <line number="23" hits="7" branch="False" />
            <line number="24" hits="7" branch="False" />
            <line number="25" hits="7" branch="False" />
            <line number="26" hits="7" branch="False" />
            <line number="27" hits="7" branch="False" />
            <line number="28" hits="7" branch="False" />
          </lines>
        </class>
        <class name="CleanArchitecture.Core.Requests.GatherContactInfoResponse" filename="Requests\GatherContactInfo\GatherContactInfoResponse.cs" line-rate="0.6153" branch-rate="1" complexity="7">
          <methods>
            <method name="get_Name" signature="()" line-rate="0" branch-rate="1">
              <lines>
                <line number="28" hits="0" branch="False" />
              </lines>
            </method>
            <method name="get_Address" signature="()" line-rate="0" branch-rate="1">
              <lines>
                <line number="33" hits="0" branch="False" />
              </lines>
            </method>
            <method name="get_DateOfBirth" signature="()" line-rate="0" branch-rate="1">
              <lines>
                <line number="38" hits="0" branch="False" />
              </lines>
            </method>
            <method name="get_NationalInsuranceNumber" signature="()" line-rate="0" branch-rate="1">
              <lines>
                <line number="43" hits="0" branch="False" />
              </lines>
            </method>
            <method name="get_CreditScore" signature="()" line-rate="1" branch-rate="1">
              <lines>
                <line number="48" hits="4" branch="False" />
              </lines>
            </method>
            <method name="get_IsAcceptedForLoan" signature="()" line-rate="0" branch-rate="1">
              <lines>
                <line number="53" hits="0" branch="False" />
              </lines>
            </method>
            <method name=".ctor" signature="(System.String,System.String,System.DateTime,System.String)" line-rate="1" branch-rate="1">
              <lines>
                <line number="17" hits="6" branch="False" />
                <line number="18" hits="6" branch="False" />
                <line number="19" hits="6" branch="False" />
                <line number="20" hits="6" branch="False" />
                <line number="21" hits="6" branch="False" />
                <line number="22" hits="6" branch="False" />
                <line number="23" hits="6" branch="False" />
              </lines>
            </method>
          </methods>
          <lines>
            <line number="28" hits="0" branch="False" />
            <line number="33" hits="0" branch="False" />
            <line number="38" hits="0" branch="False" />
            <line number="43" hits="0" branch="False" />
            <line number="48" hits="4" branch="False" />
            <line number="53" hits="0" branch="False" />
            <line number="17" hits="6" branch="False" />
            <line number="18" hits="6" branch="False" />
            <line number="19" hits="6" branch="False" />
            <line number="20" hits="6" branch="False" />
            <line number="21" hits="6" branch="False" />
            <line number="22" hits="6" branch="False" />
            <line number="23" hits="6" branch="False" />
          </lines>
        </class>
        <class name="CleanArchitecture.Core.Entities.BasicLoan" filename="Entities\BasicLoan.cs" line-rate="1" branch-rate="1" complexity="1">
          <methods>
            <method name=".ctor" signature="(System.Decimal,System.Decimal,System.Decimal)" line-rate="1" branch-rate="1">
              <lines>
                <line number="17" hits="5" branch="False" />
                <line number="18" hits="5" branch="False" />
                <line number="19" hits="5" branch="False" />
              </lines>
            </method>
          </methods>
          <lines>
            <line number="17" hits="5" branch="False" />
            <line number="18" hits="5" branch="False" />
            <line number="19" hits="5" branch="False" />
          </lines>
        </class>
        <class name="CleanArchitecture.Core.Entities.Customer" filename="Entities\Customer.cs" line-rate="0.6666" branch-rate="0.5" complexity="12">
          <methods>
            <method name="get_CustomerId" signature="()" line-rate="1" branch-rate="1">
              <lines>
                <line number="44" hits="13" branch="False" />
              </lines>
            </method>
            <method name="get_Name" signature="()" line-rate="1" branch-rate="1">
              <lines>
                <line number="49" hits="12" branch="False" />
              </lines>
            </method>
            <method name="get_Address" signature="()" line-rate="1" branch-rate="1">
              <lines>
                <line number="54" hits="12" branch="False" />
              </lines>
            </method>
            <method name="get_DateOfBirth" signature="()" line-rate="1" branch-rate="1">
              <lines>
                <line number="59" hits="18" branch="False" />
              </lines>
            </method>
            <method name="get_NationalInsuranceNumber" signature="()" line-rate="1" branch-rate="1">
              <lines>
                <line number="64" hits="12" branch="False" />
              </lines>
            </method>
            <method name="get_CreditScore" signature="()" line-rate="0" branch-rate="1">
              <lines>
                <line number="69" hits="0" branch="False" />
              </lines>
            </method>
            <method name="get_Age" signature="()" line-rate="1" branch-rate="1">
              <lines>
                <line number="77" hits="6" branch="False" />
                <line number="78" hits="6" branch="True" condition-coverage="100% (2/2)">
                  <conditions>
                    <condition number="15" type="jump" coverage="100%" />
                  </conditions>
                </line>
                <line number="79" hits="6" branch="False" />
                <line number="80" hits="6" branch="False" />
                <line number="81" hits="6" branch="False" />
                <line number="83" hits="6" branch="False" />
                <line number="84" hits="6" branch="False" />
              </lines>
            </method>
            <method name="UpdateCreditScore" signature="(System.Decimal)" line-rate="0" branch-rate="0">
              <lines>
                <line number="88" hits="0" branch="False" />
                <line number="89" hits="0" branch="True" condition-coverage="0% (0/2)">
                  <conditions>
                    <condition number="15" type="jump" coverage="0%" />
                  </conditions>
                </line>
                <line number="90" hits="0" branch="False" />
                <line number="91" hits="0" branch="False" />
                <line number="92" hits="0" branch="False" />
                <line number="93" hits="0" branch="False" />
              </lines>
            </method>
            <method name=".ctor" signature="(System.String,System.String,System.DateTime,System.String)" line-rate="1" branch-rate="1">
              <lines>
                <line number="28" hits="11" branch="False" />
                <line number="29" hits="11" branch="False" />
                <line number="30" hits="11" branch="False" />
                <line number="31" hits="11" branch="False" />
                <line number="32" hits="11" branch="False" />
                <line number="33" hits="11" branch="False" />
                <line number="34" hits="11" branch="False" />
                <line number="35" hits="11" branch="False" />
              </lines>
            </method>
            <method name=".ctor" signature="()" line-rate="0" branch-rate="1">
              <lines>
                <line number="37" hits="0" branch="False" />
                <line number="38" hits="0" branch="False" />
                <line number="39" hits="0" branch="False" />
              </lines>
            </method>
          </methods>
          <lines>
            <line number="44" hits="13" branch="False" />
            <line number="49" hits="12" branch="False" />
            <line number="54" hits="12" branch="False" />
            <line number="59" hits="18" branch="False" />
            <line number="64" hits="12" branch="False" />
            <line number="69" hits="0" branch="False" />
            <line number="77" hits="6" branch="False" />
            <line number="78" hits="6" branch="True" condition-coverage="100% (2/2)">
              <conditions>
                <condition number="15" type="jump" coverage="100%" />
              </conditions>
            </line>
            <line number="79" hits="6" branch="False" />
            <line number="80" hits="6" branch="False" />
            <line number="81" hits="6" branch="False" />
            <line number="83" hits="6" branch="False" />
            <line number="84" hits="6" branch="False" />
            <line number="88" hits="0" branch="False" />
            <line number="89" hits="0" branch="True" condition-coverage="0% (0/2)">
              <conditions>
                <condition number="15" type="jump" coverage="0%" />
              </conditions>
            </line>
            <line number="90" hits="0" branch="False" />
            <line number="91" hits="0" branch="False" />
            <line number="92" hits="0" branch="False" />
            <line number="93" hits="0" branch="False" />
            <line number="28" hits="11" branch="False" />
            <line number="29" hits="11" branch="False" />
            <line number="30" hits="11" branch="False" />
            <line number="31" hits="11" branch="False" />
            <line number="32" hits="11" branch="False" />
            <line number="33" hits="11" branch="False" />
            <line number="34" hits="11" branch="False" />
            <line number="35" hits="11" branch="False" />
            <line number="37" hits="0" branch="False" />
            <line number="38" hits="0" branch="False" />
            <line number="39" hits="0" branch="False" />
          </lines>
        </class>
        <class name="CleanArchitecture.Core.Entities.Loan" filename="Entities\Loan.cs" line-rate="0.9655" branch-rate="1" complexity="10">
          <methods>
            <method name="get_LateFee" signature="()" line-rate="1" branch-rate="1">
              <lines>
                <line number="37" hits="1" branch="False" />
                <line number="38" hits="1" branch="False" />
                <line number="39" hits="1" branch="False" />
              </lines>
            </method>
            <method name="get_Principal" signature="()" line-rate="1" branch-rate="1">
              <lines>
                <line number="45" hits="7" branch="False" />
              </lines>
            </method>
            <method name="get_Rate" signature="()" line-rate="1" branch-rate="1">
              <lines>
                <line number="50" hits="6" branch="False" />
              </lines>
            </method>
            <method name="get_Period" signature="()" line-rate="0" branch-rate="1">
              <lines>
                <line number="55" hits="0" branch="False" />
              </lines>
            </method>
            <method name="get_Balance" signature="()" line-rate="1" branch-rate="1">
              <lines>
                <line number="60" hits="17" branch="False" />
              </lines>
            </method>
            <method name="MakePayment" signature="(System.Decimal)" line-rate="1" branch-rate="1">
              <lines>
                <line number="67" hits="2" branch="False" />
                <line number="68" hits="2" branch="False" />
                <line number="70" hits="2" branch="True" condition-coverage="100% (2/2)">
                  <conditions>
                    <condition number="27" type="jump" coverage="100%" />
                  </conditions>
                </line>
                <line number="71" hits="1" branch="False" />
                <line number="72" hits="1" branch="False" />
                <line number="75" hits="1" branch="False" />
                <line number="76" hits="1" branch="False" />
              </lines>
            </method>
            <method name="ApplyInterest" signature="()" line-rate="1" branch-rate="1">
              <lines>
                <line number="83" hits="1" branch="False" />
                <line number="84" hits="1" branch="False" />
                <line number="86" hits="1" branch="False" />
                <line number="87" hits="1" branch="False" />
              </lines>
            </method>
            <method name="ChargeLateFee" signature="()" line-rate="1" branch-rate="1">
              <lines>
                <line number="94" hits="1" branch="False" />
                <line number="95" hits="1" branch="False" />
                <line number="97" hits="1" branch="False" />
                <line number="98" hits="1" branch="False" />
              </lines>
            </method>
            <method name=".ctor" signature="(System.Decimal,System.Decimal,System.Decimal)" line-rate="1" branch-rate="1">
              <lines>
                <line number="23" hits="5" branch="False" />
                <line number="24" hits="5" branch="False" />
                <line number="25" hits="5" branch="False" />
                <line number="26" hits="5" branch="False" />
                <line number="27" hits="5" branch="False" />
                <line number="28" hits="5" branch="False" />
                <line number="29" hits="5" branch="False" />
              </lines>
            </method>
          </methods>
          <lines>
            <line number="37" hits="1" branch="False" />
            <line number="38" hits="1" branch="False" />
            <line number="39" hits="1" branch="False" />
            <line number="45" hits="7" branch="False" />
            <line number="50" hits="6" branch="False" />
            <line number="55" hits="0" branch="False" />
            <line number="60" hits="17" branch="False" />
            <line number="67" hits="2" branch="False" />
            <line number="68" hits="2" branch="False" />
            <line number="70" hits="2" branch="True" condition-coverage="100% (2/2)">
              <conditions>
                <condition number="27" type="jump" coverage="100%" />
              </conditions>
            </line>
            <line number="71" hits="1" branch="False" />
            <line number="72" hits="1" branch="False" />
            <line number="75" hits="1" branch="False" />
            <line number="76" hits="1" branch="False" />
            <line number="83" hits="1" branch="False" />
            <line number="84" hits="1" branch="False" />
            <line number="86" hits="1" branch="False" />
            <line number="87" hits="1" branch="False" />
            <line number="94" hits="1" branch="False" />
            <line number="95" hits="1" branch="False" />
            <line number="97" hits="1" branch="False" />
            <line number="98" hits="1" branch="False" />
            <line number="23" hits="5" branch="False" />
            <line number="24" hits="5" branch="False" />
            <line number="25" hits="5" branch="False" />
            <line number="26" hits="5" branch="False" />
            <line number="27" hits="5" branch="False" />
            <line number="28" hits="5" branch="False" />
            <line number="29" hits="5" branch="False" />
          </lines>
        </class>
        <class name="CleanArchitecture.Core.Entities.LoanFactory" filename="Entities\LoanFactory.cs" line-rate="1" branch-rate="1" complexity="4">
          <methods>
            <method name="CreateLoan" signature="(System.String,System.Decimal,System.Decimal,System.Decimal)" line-rate="1" branch-rate="1">
              <lines>
                <line number="26" hits="6" branch="False" />
                <line number="27" hits="6" branch="True" condition-coverage="100% (4/4)">
                  <conditions>
                    <condition number="2" type="jump" coverage="100%" />
                    <condition number="15" type="jump" coverage="100%" />
                  </conditions>
                </line>
                <line number="28" hits="6" branch="False" />
                <line number="29" hits="6" branch="False" />
                <line number="30" hits="6" branch="False" />
                <line number="31" hits="6" branch="False" />
                <line number="33" hits="5" branch="False" />
                <line number="34" hits="5" branch="False" />
              </lines>
            </method>
          </methods>
          <lines>
            <line number="26" hits="6" branch="False" />
            <line number="27" hits="6" branch="True" condition-coverage="100% (4/4)">
              <conditions>
                <condition number="2" type="jump" coverage="100%" />
                <condition number="15" type="jump" coverage="100%" />
              </conditions>
            </line>
            <line number="28" hits="6" branch="False" />
            <line number="29" hits="6" branch="False" />
            <line number="30" hits="6" branch="False" />
            <line number="31" hits="6" branch="False" />
            <line number="33" hits="5" branch="False" />
            <line number="34" hits="5" branch="False" />
          </lines>
        </class>
      </classes>
    </package>
  </packages>
</coverage>